#
# There is insufficient memory for the Java Runtime Environment to continue.
# Native memory allocation (malloc) failed to allocate 32744 bytes for Chunk::new
# Possible reasons:
#   The system is out of physical RAM or swap space
#   The process is running with CompressedOops enabled, and the Java Heap may be blocking the growth of the native heap
# Possible solutions:
#   Reduce memory load on the system
#   Increase physical memory or swap space
#   Check if swap backing store is full
#   Decrease Java heap size (-Xmx/-Xms)
#   Decrease number of Java threads
#   Decrease Java thread stack sizes (-Xss)
#   Set larger code cache with -XX:ReservedCodeCacheSize=
#   JVM is running with Zero Based Compressed Oops mode in which the Java heap is
#     placed in the first 32GB address space. The Java Heap base address is the
#     maximum limit for the native heap growth. Please use -XX:HeapBaseMinAddress
#     to set the Java Heap base and to place the Java Heap above 32GB virtual address.
# This output file may be truncated or incomplete.
#
#  Out of Memory Error (arena.cpp:184), pid=8268, tid=24976
#
# JRE version: OpenJDK Runtime Environment Corretto-18.0.1.10.1 (18.0.1+10) (build 18.0.1+10-FR)
# Java VM: OpenJDK 64-Bit Server VM Corretto-18.0.1.10.1 (18.0.1+10-FR, mixed mode, sharing, tiered, compressed oops, compressed class ptrs, g1 gc, windows-amd64)
# No core dump will be written. Minidumps are not enabled by default on client versions of Windows
#

---------------  S U M M A R Y ------------

Command Line: -Dclassworlds.conf=E:\Java\apache-maven-3.8.6\bin\m2.conf -Dmaven.home=E:\Java\apache-maven-3.8.6 -Dlibrary.jansi.path=E:\Java\apache-maven-3.8.6\lib\jansi-native -Dmaven.multiModuleProjectDirectory=E:\Java\Yandex projects\java-explore-with-me org.codehaus.plexus.classworlds.launcher.Launcher clean package

Host: Intel(R) Core(TM) i7-7700HQ CPU @ 2.80GHz, 8 cores, 23G,  Windows 10 , 64 bit Build 19041 (10.0.19041.2364)
Time: Tue Dec 27 00:35:02 2022 RTZ 2 (s 10 , 64 bit Build 19041 (10.0.19041.2364) elapsed time: 11.243236 seconds (0d 0h 0m 11s)

---------------  T H R E A D  ---------------

Current thread (0x00000279e5757e40):  JavaThread "C2 CompilerThread1" daemon [_thread_in_native, id=24976, stack(0x0000009f0b700000,0x0000009f0b800000)]


Current CompileTask:
C2:  11243 9364   !   4       org.codehaus.plexus.classworlds.realm.ClassRealm::loadClass (33 bytes)

Stack: [0x0000009f0b700000,0x0000009f0b800000]
Native frames: (J=compiled Java code, j=interpreted, Vv=VM code, C=native code)
V  [jvm.dll+0x684e9a]
V  [jvm.dll+0x829fcd]
V  [jvm.dll+0x82b89e]
V  [jvm.dll+0x82bf43]
V  [jvm.dll+0x25ebfb]
V  [jvm.dll+0xd42d2]
V  [jvm.dll+0xd4665]
V  [jvm.dll+0x389f37]
V  [jvm.dll+0x3850ae]
V  [jvm.dll+0x1d8b42]
V  [jvm.dll+0x2337ff]
V  [jvm.dll+0x232be7]
V  [jvm.dll+0x1c0715]
V  [jvm.dll+0x241d8c]
V  [jvm.dll+0x240194]
V  [jvm.dll+0x7de8eb]
V  [jvm.dll+0x7d8eca]
V  [jvm.dll+0x683d15]
C  [ucrtbase.dll+0x21bb2]
C  [KERNEL32.DLL+0x17614]
C  [ntdll.dll+0x526a1]


---------------  P R O C E S S  ---------------

Threads class SMR info:
_java_thread_list=0x00000279e06143d0, length=14, elements={
0x00000279b8b6ffd0, 0x00000279e076d3a0, 0x00000279e076e000, 0x00000279e078c4c0,
0x00000279e078ce60, 0x00000279e078d800, 0x00000279e078e1a0, 0x00000279e078efb0,
0x00000279e0799560, 0x00000279e07a4de0, 0x00000279e4d1f5a0, 0x00000279e4d23100,
0x00000279e5757e40, 0x00000279e5756f10
}

Java Threads: ( => current thread )
  0x00000279b8b6ffd0 JavaThread "main" [_thread_in_vm, id=24856, stack(0x0000009f0a400000,0x0000009f0a500000)]
  0x00000279e076d3a0 JavaThread "Reference Handler" daemon [_thread_blocked, id=12536, stack(0x0000009f0ab00000,0x0000009f0ac00000)]
  0x00000279e076e000 JavaThread "Finalizer" daemon [_thread_blocked, id=29792, stack(0x0000009f0ac00000,0x0000009f0ad00000)]
  0x00000279e078c4c0 JavaThread "Signal Dispatcher" daemon [_thread_blocked, id=20528, stack(0x0000009f0ad00000,0x0000009f0ae00000)]
  0x00000279e078ce60 JavaThread "Attach Listener" daemon [_thread_blocked, id=4520, stack(0x0000009f0ae00000,0x0000009f0af00000)]
  0x00000279e078d800 JavaThread "Service Thread" daemon [_thread_blocked, id=20508, stack(0x0000009f0af00000,0x0000009f0b000000)]
  0x00000279e078e1a0 JavaThread "Monitor Deflation Thread" daemon [_thread_blocked, id=27700, stack(0x0000009f0b000000,0x0000009f0b100000)]
  0x00000279e078efb0 JavaThread "C2 CompilerThread0" daemon [_thread_in_native, id=644, stack(0x0000009f0b100000,0x0000009f0b200000)]
  0x00000279e0799560 JavaThread "C1 CompilerThread0" daemon [_thread_blocked, id=16892, stack(0x0000009f0b200000,0x0000009f0b300000)]
  0x00000279e07a4de0 JavaThread "Sweeper thread" daemon [_thread_blocked, id=25012, stack(0x0000009f0b300000,0x0000009f0b400000)]
  0x00000279e4d1f5a0 JavaThread "Notification Thread" daemon [_thread_blocked, id=28760, stack(0x0000009f0b400000,0x0000009f0b500000)]
  0x00000279e4d23100 JavaThread "Common-Cleaner" daemon [_thread_blocked, id=16004, stack(0x0000009f0b600000,0x0000009f0b700000)]
=>0x00000279e5757e40 JavaThread "C2 CompilerThread1" daemon [_thread_in_native, id=24976, stack(0x0000009f0b700000,0x0000009f0b800000)]
  0x00000279e5756f10 JavaThread "C2 CompilerThread2" daemon [_thread_in_native, id=18264, stack(0x0000009f0b800000,0x0000009f0b900000)]

Other Threads:
  0x00000279b8c12b50 VMThread "VM Thread" [stack: 0x0000009f0aa00000,0x0000009f0ab00000] [id=10280]
  0x00000279e4d21a70 WatcherThread "VM Periodic Task Thread" [stack: 0x0000009f0b500000,0x0000009f0b600000] [id=24268]
  0x00000279b8bfdd10 WorkerThread "GC Thread#0" [stack: 0x0000009f0a500000,0x0000009f0a600000] [id=13016]
  0x00000279e5954930 WorkerThread "GC Thread#1" [stack: 0x0000009f0b900000,0x0000009f0ba00000] [id=6548]
  0x00000279e5954bd0 WorkerThread "GC Thread#2" [stack: 0x0000009f0ba00000,0x0000009f0bb00000] [id=23500]
  0x00000279e52eee90 WorkerThread "GC Thread#3" [stack: 0x0000009f0bb00000,0x0000009f0bc00000] [id=15264]
  0x00000279e5525e90 WorkerThread "GC Thread#4" [stack: 0x0000009f0bc00000,0x0000009f0bd00000] [id=8796]
  0x00000279e5527760 WorkerThread "GC Thread#5" [stack: 0x0000009f0bd00000,0x0000009f0be00000] [id=22760]
  0x00000279e5753060 WorkerThread "GC Thread#6" [stack: 0x0000009f0be00000,0x0000009f0bf00000] [id=19932]
  0x00000279e5753300 WorkerThread "GC Thread#7" [stack: 0x0000009f0bf00000,0x0000009f0c000000] [id=24996]
  0x00000279b8c0ab50 ConcurrentGCThread "G1 Main Marker" [stack: 0x0000009f0a600000,0x0000009f0a700000] [id=28224]
  0x00000279b8c0b540 WorkerThread "G1 Conc#0" [stack: 0x0000009f0a700000,0x0000009f0a800000] [id=29984]
  0x00000279e5ed5da0 WorkerThread "G1 Conc#1" [stack: 0x0000009f0c000000,0x0000009f0c100000] [id=8472]
  0x00000279b8c3ebf0 ConcurrentGCThread "G1 Refine#0" [stack: 0x0000009f0a800000,0x0000009f0a900000] [id=29964]
  0x00000279e7906680 ConcurrentGCThread "G1 Refine#1" [stack: 0x0000009f0c100000,0x0000009f0c200000] [id=27752]
  0x00000279e7146de0 ConcurrentGCThread "G1 Refine#2" [stack: 0x0000009f0c200000,0x0000009f0c300000] [id=27748]
  0x00000279e74588f0 ConcurrentGCThread "G1 Refine#3" [stack: 0x0000009f0c300000,0x0000009f0c400000] [id=2712]
  0x00000279e71dec50 ConcurrentGCThread "G1 Refine#4" [stack: 0x0000009f0c400000,0x0000009f0c500000] [id=4484]
  0x00000279e73069b0 ConcurrentGCThread "G1 Refine#5" [stack: 0x0000009f0c500000,0x0000009f0c600000] [id=25660]
  0x00000279e0628a90 ConcurrentGCThread "G1 Service" [stack: 0x0000009f0a900000,0x0000009f0aa00000] [id=12720]

Threads with active compile tasks:
C2 CompilerThread0    11275 9363       4       org.codehaus.plexus.classworlds.realm.ClassRealm::loadClass (7 bytes)
C2 CompilerThread1    11275 9364   !   4       org.codehaus.plexus.classworlds.realm.ClassRealm::loadClass (33 bytes)
C2 CompilerThread2    11275 9527   !   4       java.lang.ClassLoader::loadClass (121 bytes)

VM state: not at safepoint (normal execution)

VM Mutex/Monitor currently owned by a thread: None

Heap address: 0x0000000681c00000, size: 6116 MB, Compressed Oops mode: Zero based, Oop shift amount: 3

CDS archive(s) mapped at: [0x0000000800000000-0x0000000800b90000-0x0000000800b90000), size 12124160, SharedBaseAddress: 0x0000000800000000, ArchiveRelocationMode: 0.
Compressed class space mapped at: 0x0000000800c00000-0x0000000840c00000, reserved size: 1073741824
Narrow klass base: 0x0000000800000000, Narrow klass shift: 0, Narrow klass range: 0x100000000

GC Precious Log:
 CardTable entry size: 512
 Card Set container configuration: InlinePtr #cards 4 size 8 Array Of Cards #cards 32 size 80 Howl #buckets 8 coarsen threshold 7372 Howl Bitmap #cards 1024 size 144 coarsen threshold 921 Card regions per heap region 1 cards per card region 8192
 CPUs: 8 total, 8 available
 Memory: 24461M
 Large Page Support: Disabled
 NUMA Support: Disabled
 Compressed Oops: Enabled (Zero based)
 Heap Region Size: 4M
 Heap Min Capacity: 8M
 Heap Initial Capacity: 384M
 Heap Max Capacity: 6116M
 Pre-touch: Disabled
 Parallel Workers: 8
 Concurrent Workers: 2
 Concurrent Refinement Workers: 8
 Periodic GC: Disabled

Heap:
 garbage-first heap   total 237568K, used 67319K [0x0000000681c00000, 0x0000000800000000)
  region size 4096K, 3 young (12288K), 2 survivors (8192K)
 Metaspace       used 35689K, committed 36416K, reserved 1114112K
  class space    used 3867K, committed 4224K, reserved 1048576K

Heap Regions: E=young(eden), S=young(survivor), O=old, HS=humongous(starts), HC=humongous(continues), CS=collection set, F=free, OA=open archive, CA=closed archive, TAMS=top-at-mark-start (previous, next)
|   0|0x0000000681c00000, 0x0000000682000000, 0x0000000682000000|100%| O|  |TAMS 0x0000000682000000, 0x0000000681c00000| Untracked 
|   1|0x0000000682000000, 0x0000000682400000, 0x0000000682400000|100%| O|  |TAMS 0x0000000682400000, 0x0000000682000000| Untracked 
|   2|0x0000000682400000, 0x0000000682800000, 0x0000000682800000|100%| O|  |TAMS 0x0000000682800000, 0x0000000682400000| Untracked 
|   3|0x0000000682800000, 0x0000000682c00000, 0x0000000682c00000|100%| O|  |TAMS 0x0000000682c00000, 0x0000000682800000| Untracked 
|   4|0x0000000682c00000, 0x0000000683000000, 0x0000000683000000|100%| O|  |TAMS 0x0000000683000000, 0x0000000682c00000| Untracked 
|   5|0x0000000683000000, 0x0000000683400000, 0x0000000683400000|100%| O|  |TAMS 0x0000000683400000, 0x0000000683000000| Untracked 
|   6|0x0000000683400000, 0x0000000683800000, 0x0000000683800000|100%| O|  |TAMS 0x0000000683637200, 0x0000000683400000| Untracked 
|   7|0x0000000683800000, 0x0000000683c00000, 0x0000000683c00000|100%| O|  |TAMS 0x0000000683800000, 0x0000000683800000| Untracked 
|   8|0x0000000683c00000, 0x0000000684000000, 0x0000000684000000|100%| O|  |TAMS 0x0000000684000000, 0x0000000683c00000| Untracked 
|   9|0x0000000684000000, 0x0000000684400000, 0x0000000684400000|100%| O|  |TAMS 0x0000000684400000, 0x0000000684000000| Untracked 
|  10|0x0000000684400000, 0x0000000684800000, 0x0000000684800000|100%| O|  |TAMS 0x0000000684800000, 0x0000000684400000| Untracked 
|  11|0x0000000684800000, 0x0000000684c00000, 0x0000000684c00000|100%| O|  |TAMS 0x0000000684800000, 0x0000000684800000| Untracked 
|  12|0x0000000684c00000, 0x0000000685000000, 0x0000000685000000|100%| O|  |TAMS 0x0000000684c00000, 0x0000000684c00000| Untracked 
|  13|0x0000000685000000, 0x0000000685400000, 0x0000000685400000|100%| O|  |TAMS 0x0000000685000000, 0x0000000685000000| Untracked 
|  14|0x0000000685400000, 0x0000000685628200, 0x0000000685800000| 53%| O|  |TAMS 0x0000000685400000, 0x0000000685400000| Untracked 
|  15|0x0000000685800000, 0x0000000685800000, 0x0000000685c00000|  0%| F|  |TAMS 0x0000000685800000, 0x0000000685800000| Untracked 
|  16|0x0000000685c00000, 0x0000000685c00000, 0x0000000686000000|  0%| F|  |TAMS 0x0000000685c00000, 0x0000000685c00000| Untracked 
|  17|0x0000000686000000, 0x0000000686000000, 0x0000000686400000|  0%| F|  |TAMS 0x0000000686000000, 0x0000000686000000| Untracked 
|  18|0x0000000686400000, 0x0000000686400000, 0x0000000686800000|  0%| F|  |TAMS 0x0000000686400000, 0x0000000686400000| Untracked 
|  19|0x0000000686800000, 0x0000000686800000, 0x0000000686c00000|  0%| F|  |TAMS 0x0000000686800000, 0x0000000686800000| Untracked 
|  20|0x0000000686c00000, 0x0000000686c00000, 0x0000000687000000|  0%| F|  |TAMS 0x0000000686c00000, 0x0000000686c00000| Untracked 
|  21|0x0000000687000000, 0x0000000687000000, 0x0000000687400000|  0%| F|  |TAMS 0x0000000687000000, 0x0000000687000000| Untracked 
|  22|0x0000000687400000, 0x0000000687400000, 0x0000000687800000|  0%| F|  |TAMS 0x0000000687400000, 0x0000000687400000| Untracked 
|  23|0x0000000687800000, 0x0000000687800000, 0x0000000687c00000|  0%| F|  |TAMS 0x0000000687800000, 0x0000000687800000| Untracked 
|  24|0x0000000687c00000, 0x0000000687c00000, 0x0000000688000000|  0%| F|  |TAMS 0x0000000687c00000, 0x0000000687c00000| Untracked 
|  25|0x0000000688000000, 0x0000000688000000, 0x0000000688400000|  0%| F|  |TAMS 0x0000000688000000, 0x0000000688000000| Untracked 
|  26|0x0000000688400000, 0x0000000688400000, 0x0000000688800000|  0%| F|  |TAMS 0x0000000688400000, 0x0000000688400000| Untracked 
|  27|0x0000000688800000, 0x0000000688800000, 0x0000000688c00000|  0%| F|  |TAMS 0x0000000688800000, 0x0000000688800000| Untracked 
|  28|0x0000000688c00000, 0x0000000688c00000, 0x0000000689000000|  0%| F|  |TAMS 0x0000000688c00000, 0x0000000688c00000| Untracked 
|  29|0x0000000689000000, 0x0000000689000000, 0x0000000689400000|  0%| F|  |TAMS 0x0000000689000000, 0x0000000689000000| Untracked 
|  30|0x0000000689400000, 0x0000000689400000, 0x0000000689800000|  0%| F|  |TAMS 0x0000000689400000, 0x0000000689400000| Untracked 
|  31|0x0000000689800000, 0x0000000689800000, 0x0000000689c00000|  0%| F|  |TAMS 0x0000000689800000, 0x0000000689800000| Untracked 
|  32|0x0000000689c00000, 0x0000000689c00000, 0x000000068a000000|  0%| F|  |TAMS 0x0000000689c00000, 0x0000000689c00000| Untracked 
|  33|0x000000068a000000, 0x000000068a000000, 0x000000068a400000|  0%| F|  |TAMS 0x000000068a000000, 0x000000068a000000| Untracked 
|  34|0x000000068a400000, 0x000000068a400000, 0x000000068a800000|  0%| F|  |TAMS 0x000000068a400000, 0x000000068a400000| Untracked 
|  35|0x000000068a800000, 0x000000068a800000, 0x000000068ac00000|  0%| F|  |TAMS 0x000000068a800000, 0x000000068a800000| Untracked 
|  36|0x000000068ac00000, 0x000000068ac00000, 0x000000068b000000|  0%| F|  |TAMS 0x000000068ac00000, 0x000000068ac00000| Untracked 
|  37|0x000000068b000000, 0x000000068b000000, 0x000000068b400000|  0%| F|  |TAMS 0x000000068b000000, 0x000000068b000000| Untracked 
|  38|0x000000068b400000, 0x000000068b400000, 0x000000068b800000|  0%| F|  |TAMS 0x000000068b400000, 0x000000068b400000| Untracked 
|  39|0x000000068b800000, 0x000000068b800000, 0x000000068bc00000|  0%| F|  |TAMS 0x000000068b800000, 0x000000068b800000| Untracked 
|  40|0x000000068bc00000, 0x000000068bc00000, 0x000000068c000000|  0%| F|  |TAMS 0x000000068bc00000, 0x000000068bc00000| Untracked 
|  41|0x000000068c000000, 0x000000068c000000, 0x000000068c400000|  0%| F|  |TAMS 0x000000068c000000, 0x000000068c000000| Untracked 
|  42|0x000000068c400000, 0x000000068c400000, 0x000000068c800000|  0%| F|  |TAMS 0x000000068c400000, 0x000000068c400000| Untracked 
|  43|0x000000068c800000, 0x000000068cb95c28, 0x000000068cc00000| 89%| S|CS|TAMS 0x000000068c800000, 0x000000068c800000| Complete 
|  44|0x000000068cc00000, 0x000000068d000000, 0x000000068d000000|100%| S|CS|TAMS 0x000000068cc00000, 0x000000068cc00000| Complete 
|  45|0x000000068d000000, 0x000000068d000000, 0x000000068d400000|  0%| F|  |TAMS 0x000000068d000000, 0x000000068d000000| Untracked 
|  46|0x000000068d400000, 0x000000068d400000, 0x000000068d800000|  0%| F|  |TAMS 0x000000068d400000, 0x000000068d400000| Untracked 
|  47|0x000000068d800000, 0x000000068d800000, 0x000000068dc00000|  0%| F|  |TAMS 0x000000068d800000, 0x000000068d800000| Untracked 
|  48|0x000000068dc00000, 0x000000068dc00000, 0x000000068e000000|  0%| F|  |TAMS 0x000000068dc00000, 0x000000068dc00000| Untracked 
|  49|0x000000068e000000, 0x000000068e000000, 0x000000068e400000|  0%| F|  |TAMS 0x000000068e000000, 0x000000068e000000| Untracked 
|  50|0x000000068e400000, 0x000000068e400000, 0x000000068e800000|  0%| F|  |TAMS 0x000000068e400000, 0x000000068e400000| Untracked 
|  51|0x000000068e800000, 0x000000068e800000, 0x000000068ec00000|  0%| F|  |TAMS 0x000000068e800000, 0x000000068e800000| Untracked 
|  52|0x000000068ec00000, 0x000000068ec00000, 0x000000068f000000|  0%| F|  |TAMS 0x000000068ec00000, 0x000000068ec00000| Untracked 
|  70|0x0000000693400000, 0x0000000693400000, 0x0000000693800000|  0%| F|  |TAMS 0x0000000693400000, 0x0000000693400000| Untracked 
|  71|0x0000000693800000, 0x0000000693800000, 0x0000000693c00000|  0%| F|  |TAMS 0x0000000693800000, 0x0000000693800000| Untracked 
|  72|0x0000000693c00000, 0x0000000693c00000, 0x0000000694000000|  0%| F|  |TAMS 0x0000000693c00000, 0x0000000693c00000| Untracked 
|  73|0x0000000694000000, 0x0000000694000000, 0x0000000694400000|  0%| F|  |TAMS 0x0000000694000000, 0x0000000694000000| Untracked 
|  95|0x0000000699800000, 0x0000000699a00000, 0x0000000699c00000| 50%| E|  |TAMS 0x0000000699800000, 0x0000000699800000| Complete 

Card table byte_map: [0x00000279d0670000,0x00000279d1270000] _byte_map_base: 0x00000279cd262000

Marking Bits (Prev, Next): (CMBitMap*) 0x00000279b8bfe310, (CMBitMap*) 0x00000279b8bfe350
 Prev Bits: [0x00000279d1e70000, 0x00000279d7e00000)
 Next Bits: [0x00000279d7e00000, 0x00000279ddd90000)

Polling page: 0x00000279b6ae0000

Metaspace:

Usage:
  Non-class:     31.08 MB used.
      Class:      3.78 MB used.
       Both:     34.85 MB used.

Virtual space:
  Non-class space:       64.00 MB reserved,      31.44 MB ( 49%) committed,  1 nodes.
      Class space:        1.00 GB reserved,       4.13 MB ( <1%) committed,  1 nodes.
             Both:        1.06 GB reserved,      35.56 MB (  3%) committed. 

Chunk freelists:
   Non-Class:  224.00 KB
       Class:  3.77 MB
        Both:  3.98 MB

MaxMetaspaceSize: unlimited
CompressedClassSpaceSize: 1.00 GB
Initial GC threshold: 21.00 MB
Current GC threshold: 59.19 MB
CDS: on
MetaspaceReclaimPolicy: balanced
 - commit_granule_bytes: 65536.
 - commit_granule_words: 8192.
 - virtual_space_node_default_size: 8388608.
 - enlarge_chunks_in_place: 1.
 - new_chunks_are_fully_committed: 0.
 - uncommit_free_chunks: 1.
 - use_allocation_guard: 0.


Internal statistics:

num_allocs_failed_limit: 6.
num_arena_births: 678.
num_arena_deaths: 0.
num_vsnodes_births: 2.
num_vsnodes_deaths: 0.
num_space_committed: 569.
num_space_uncommitted: 0.
num_chunks_returned_to_freelist: 6.
num_chunks_taken_from_freelist: 2047.
num_chunk_merges: 6.
num_chunk_splits: 1450.
num_chunks_enlarged: 1078.
num_inconsistent_stats: 0.

CodeHeap 'non-profiled nmethods': size=120000Kb used=4707Kb max_used=5107Kb free=115293Kb
 bounds [0x00000279c8210000, 0x00000279c8710000, 0x00000279cf740000]
CodeHeap 'profiled nmethods': size=120000Kb used=17031Kb max_used=17919Kb free=102968Kb
 bounds [0x00000279c0ce0000, 0x00000279c1e90000, 0x00000279c8210000]
CodeHeap 'non-nmethods': size=5760Kb used=1260Kb max_used=1334Kb free=4499Kb
 bounds [0x00000279c0740000, 0x00000279c09b0000, 0x00000279c0ce0000]
 total_blobs=8447 nmethods=7882 adapters=474
 compilation: enabled
              stopped_count=0, restarted_count=0
 full_count=0

Compilation events (20 events):
Event: 11.062 Thread 0x00000279e0799560 9603       3       lombok.core.configuration.ConfigurationFile::forFile (10 bytes)
Event: 11.062 Thread 0x00000279e0799560 nmethod 9603 0x00000279c11cbc10 code [0x00000279c11cbde0, 0x00000279c11cc1f8]
Event: 11.062 Thread 0x00000279e0799560 9604       3       lombok.core.configuration.ConfigurationFile$RegularConfigurationFile::<init> (6 bytes)
Event: 11.062 Thread 0x00000279e0799560 nmethod 9604 0x00000279c11cb590 code [0x00000279c11cb740, 0x00000279c11cbab8]
Event: 11.062 Thread 0x00000279e0799560 9610       3       lombok.core.AST::buildWithCollection (128 bytes)
Event: 11.063 Thread 0x00000279e0799560 nmethod 9610 0x00000279c0d58c10 code [0x00000279c0d58ec0, 0x00000279c0d59e68]
Event: 11.063 Thread 0x00000279e0799560 9605       3       lombok.core.configuration.ConfigurationFile$RegularConfigurationFile::<init> (15 bytes)
Event: 11.063 Thread 0x00000279e0799560 nmethod 9605 0x00000279c18af110 code [0x00000279c18af2c0, 0x00000279c18af5d8]
Event: 11.063 Thread 0x00000279e0799560 9606       3       lombok.core.configuration.ConfigurationFile::<init> (6 bytes)
Event: 11.063 Thread 0x00000279e0799560 nmethod 9606 0x00000279c128be10 code [0x00000279c128bfc0, 0x00000279c128c1f8]
Event: 11.063 Thread 0x00000279e0799560 9607       3       lombok.core.configuration.ConfigurationFile::<init> (10 bytes)
Event: 11.063 Thread 0x00000279e0799560 nmethod 9607 0x00000279c17df710 code [0x00000279c17df8a0, 0x00000279c17dfa58]
Event: 11.063 Thread 0x00000279e0799560 9609       3       lombok.core.configuration.ConfigurationFile::equals (24 bytes)
Event: 11.064 Thread 0x00000279e0799560 nmethod 9609 0x00000279c128b510 code [0x00000279c128b6c0, 0x00000279c128ba88]
Event: 11.064 Thread 0x00000279e0799560 9612       3       lombok.core.configuration.FileSystemSourceCache::ensureContent (48 bytes)
Event: 11.064 Thread 0x00000279e0799560 nmethod 9612 0x00000279c1851390 code [0x00000279c1851580, 0x00000279c1851b98]
Event: 11.064 Thread 0x00000279e0799560 9611       3       lombok.permit.Permit::setAccessible (27 bytes)
Event: 11.064 Thread 0x00000279e0799560 nmethod 9611 0x00000279c1850f10 code [0x00000279c18510a0, 0x00000279c1851238]
Event: 11.064 Thread 0x00000279e0799560 9613       3       lombok.core.configuration.ConfigurationFile$RegularConfigurationFile::parent (24 bytes)
Event: 11.065 Thread 0x00000279e0799560 nmethod 9613 0x00000279c17a5990 code [0x00000279c17a5ba0, 0x00000279c17a6228]

GC Heap History (20 events):
Event: 3.490 GC heap before
{Heap before GC invocations=3 (full 0):
 garbage-first heap   total 393216K, used 89700K [0x0000000681c00000, 0x0000000800000000)
  region size 4096K, 22 young (90112K), 2 survivors (8192K)
 Metaspace       used 21191K, committed 21504K, reserved 1114112K
  class space    used 2375K, committed 2560K, reserved 1048576K
}
Event: 3.499 GC heap after
{Heap after GC invocations=4 (full 0):
 garbage-first heap   total 393216K, used 16940K [0x0000000681c00000, 0x0000000800000000)
  region size 4096K, 4 young (16384K), 4 survivors (16384K)
 Metaspace       used 21191K, committed 21504K, reserved 1114112K
  class space    used 2375K, committed 2560K, reserved 1048576K
}
Event: 4.249 GC heap before
{Heap before GC invocations=5 (full 0):
 garbage-first heap   total 81920K, used 49708K [0x0000000681c00000, 0x0000000800000000)
  region size 4096K, 12 young (49152K), 4 survivors (16384K)
 Metaspace       used 23035K, committed 23424K, reserved 1114112K
  class space    used 2545K, committed 2752K, reserved 1048576K
}
Event: 4.266 GC heap after
{Heap after GC invocations=6 (full 0):
 garbage-first heap   total 81920K, used 29285K [0x0000000681c00000, 0x0000000800000000)
  region size 4096K, 2 young (8192K), 2 survivors (8192K)
 Metaspace       used 23035K, committed 23424K, reserved 1114112K
  class space    used 2545K, committed 2752K, reserved 1048576K
}
Event: 4.325 GC heap before
{Heap before GC invocations=6 (full 0):
 garbage-first heap   total 81920K, used 33381K [0x0000000681c00000, 0x0000000800000000)
  region size 4096K, 3 young (12288K), 2 survivors (8192K)
 Metaspace       used 23046K, committed 23424K, reserved 1114112K
  class space    used 2545K, committed 2752K, reserved 1048576K
}
Event: 4.343 GC heap after
{Heap after GC invocations=7 (full 0):
 garbage-first heap   total 81920K, used 31838K [0x0000000681c00000, 0x0000000800000000)
  region size 4096K, 1 young (4096K), 1 survivors (4096K)
 Metaspace       used 23046K, committed 23424K, reserved 1114112K
  class space    used 2545K, committed 2752K, reserved 1048576K
}
Event: 4.624 GC heap before
{Heap before GC invocations=7 (full 0):
 garbage-first heap   total 81920K, used 52318K [0x0000000681c00000, 0x0000000800000000)
  region size 4096K, 6 young (24576K), 1 survivors (4096K)
 Metaspace       used 23596K, committed 24000K, reserved 1114112K
  class space    used 2603K, committed 2816K, reserved 1048576K
}
Event: 4.629 GC heap after
{Heap after GC invocations=8 (full 0):
 garbage-first heap   total 81920K, used 35482K [0x0000000681c00000, 0x0000000800000000)
  region size 4096K, 1 young (4096K), 1 survivors (4096K)
 Metaspace       used 23596K, committed 24000K, reserved 1114112K
  class space    used 2603K, committed 2816K, reserved 1048576K
}
Event: 4.991 GC heap before
{Heap before GC invocations=8 (full 0):
 garbage-first heap   total 81920K, used 55962K [0x0000000681c00000, 0x0000000800000000)
  region size 4096K, 6 young (24576K), 1 survivors (4096K)
 Metaspace       used 24488K, committed 24896K, reserved 1114112K
  class space    used 2669K, committed 2880K, reserved 1048576K
}
Event: 5.004 GC heap after
{Heap after GC invocations=9 (full 0):
 garbage-first heap   total 237568K, used 38906K [0x0000000681c00000, 0x0000000800000000)
  region size 4096K, 1 young (4096K), 1 survivors (4096K)
 Metaspace       used 24488K, committed 24896K, reserved 1114112K
  class space    used 2669K, committed 2880K, reserved 1048576K
}
Event: 6.348 GC heap before
{Heap before GC invocations=9 (full 0):
 garbage-first heap   total 237568K, used 133114K [0x0000000681c00000, 0x0000000800000000)
  region size 4096K, 25 young (102400K), 1 survivors (4096K)
 Metaspace       used 26817K, committed 27392K, reserved 1114112K
  class space    used 2936K, committed 3200K, reserved 1048576K
}
Event: 6.354 GC heap after
{Heap after GC invocations=10 (full 0):
 garbage-first heap   total 237568K, used 40916K [0x0000000681c00000, 0x0000000800000000)
  region size 4096K, 2 young (8192K), 2 survivors (8192K)
 Metaspace       used 26817K, committed 27392K, reserved 1114112K
  class space    used 2936K, committed 3200K, reserved 1048576K
}
Event: 6.947 GC heap before
{Heap before GC invocations=10 (full 0):
 garbage-first heap   total 237568K, used 155604K [0x0000000681c00000, 0x0000000800000000)
  region size 4096K, 30 young (122880K), 2 survivors (8192K)
 Metaspace       used 27237K, committed 27776K, reserved 1114112K
  class space    used 2955K, committed 3200K, reserved 1048576K
}
Event: 6.954 GC heap after
{Heap after GC invocations=11 (full 0):
 garbage-first heap   total 237568K, used 42414K [0x0000000681c00000, 0x0000000800000000)
  region size 4096K, 2 young (8192K), 2 survivors (8192K)
 Metaspace       used 27237K, committed 27776K, reserved 1114112K
  class space    used 2955K, committed 3200K, reserved 1048576K
}
Event: 8.454 GC heap before
{Heap before GC invocations=11 (full 0):
 garbage-first heap   total 237568K, used 169390K [0x0000000681c00000, 0x0000000800000000)
  region size 4096K, 33 young (135168K), 2 survivors (8192K)
 Metaspace       used 30589K, committed 31168K, reserved 1114112K
  class space    used 3270K, committed 3584K, reserved 1048576K
}
Event: 8.466 GC heap after
{Heap after GC invocations=12 (full 0):
 garbage-first heap   total 237568K, used 47569K [0x0000000681c00000, 0x0000000800000000)
  region size 4096K, 3 young (12288K), 3 survivors (12288K)
 Metaspace       used 30589K, committed 31168K, reserved 1114112K
  class space    used 3270K, committed 3584K, reserved 1048576K
}
Event: 9.950 GC heap before
{Heap before GC invocations=12 (full 0):
 garbage-first heap   total 237568K, used 170449K [0x0000000681c00000, 0x0000000800000000)
  region size 4096K, 34 young (139264K), 3 survivors (12288K)
 Metaspace       used 34241K, committed 34944K, reserved 1114112K
  class space    used 3703K, committed 4096K, reserved 1048576K
}
Event: 9.963 GC heap after
{Heap after GC invocations=13 (full 0):
 garbage-first heap   total 237568K, used 59612K [0x0000000681c00000, 0x0000000800000000)
  region size 4096K, 5 young (20480K), 5 survivors (20480K)
 Metaspace       used 34241K, committed 34944K, reserved 1114112K
  class space    used 3703K, committed 4096K, reserved 1048576K
}
Event: 11.070 GC heap before
{Heap before GC invocations=13 (full 0):
 garbage-first heap   total 237568K, used 108764K [0x0000000681c00000, 0x0000000800000000)
  region size 4096K, 18 young (73728K), 5 survivors (20480K)
 Metaspace       used 35588K, committed 36288K, reserved 1114112K
  class space    used 3854K, committed 4224K, reserved 1048576K
}
Event: 11.084 GC heap after
{Heap after GC invocations=14 (full 0):
 garbage-first heap   total 237568K, used 67319K [0x0000000681c00000, 0x0000000800000000)
  region size 4096K, 2 young (8192K), 2 survivors (8192K)
 Metaspace       used 35588K, committed 36288K, reserved 1114112K
  class space    used 3854K, committed 4224K, reserved 1048576K
}

Deoptimization events (20 events):
Event: 10.154 Thread 0x00000279b8b6ffd0 Uncommon trap: trap_request=0xffffff45 fr.pc=0x00000279c85abd28 relative=0x0000000000000268
Event: 10.154 Thread 0x00000279b8b6ffd0 Uncommon trap: reason=unstable_if action=reinterpret pc=0x00000279c85abd28 method=com.sun.tools.javac.code.ClassFinder.complete(Lcom/sun/tools/javac/code/Symbol;)V @ 167 c2
Event: 10.154 Thread 0x00000279b8b6ffd0 DEOPT PACKING pc=0x00000279c85abd28 sp=0x0000009f0a4fc9d0
Event: 10.154 Thread 0x00000279b8b6ffd0 DEOPT UNPACKING pc=0x00000279c07923a3 sp=0x0000009f0a4fc848 mode 2
Event: 10.158 Thread 0x00000279b8b6ffd0 Uncommon trap: trap_request=0xffffff45 fr.pc=0x00000279c865c644 relative=0x0000000000000544
Event: 10.158 Thread 0x00000279b8b6ffd0 Uncommon trap: reason=unstable_if action=reinterpret pc=0x00000279c865c644 method=com.sun.tools.javac.code.Types$15.visitClassType(Lcom/sun/tools/javac/code/Type$ClassType;Ljava/lang/Void;)Lcom/sun/tools/javac/code/Type; @ 43 c2
Event: 10.158 Thread 0x00000279b8b6ffd0 DEOPT PACKING pc=0x00000279c865c644 sp=0x0000009f0a4fd010
Event: 10.158 Thread 0x00000279b8b6ffd0 DEOPT UNPACKING pc=0x00000279c07923a3 sp=0x0000009f0a4fcf50 mode 2
Event: 10.218 Thread 0x00000279b8b6ffd0 Uncommon trap: trap_request=0xffffff45 fr.pc=0x00000279c826ee08 relative=0x00000000000000c8
Event: 10.218 Thread 0x00000279b8b6ffd0 Uncommon trap: reason=unstable_if action=reinterpret pc=0x00000279c826ee08 method=jdk.internal.reflect.MethodHandleObjectFieldAccessorImpl.get(Ljava/lang/Object;)Ljava/lang/Object; @ 4 c2
Event: 10.218 Thread 0x00000279b8b6ffd0 DEOPT PACKING pc=0x00000279c826ee08 sp=0x0000009f0a4fd930
Event: 10.218 Thread 0x00000279b8b6ffd0 DEOPT UNPACKING pc=0x00000279c07923a3 sp=0x0000009f0a4fd8c8 mode 2
Event: 10.376 Thread 0x00000279b8b6ffd0 Uncommon trap: trap_request=0xffffff45 fr.pc=0x00000279c85748b4 relative=0x0000000000000394
Event: 10.376 Thread 0x00000279b8b6ffd0 Uncommon trap: reason=unstable_if action=reinterpret pc=0x00000279c85748b4 method=java.lang.Class.searchMethods([Ljava/lang/reflect/Method;Ljava/lang/String;[Ljava/lang/Class;)Ljava/lang/reflect/Method; @ 59 c2
Event: 10.376 Thread 0x00000279b8b6ffd0 DEOPT PACKING pc=0x00000279c85748b4 sp=0x0000009f0a4fca70
Event: 10.376 Thread 0x00000279b8b6ffd0 DEOPT UNPACKING pc=0x00000279c07923a3 sp=0x0000009f0a4fc9f8 mode 2
Event: 11.054 Thread 0x00000279b8b6ffd0 DEOPT PACKING pc=0x00000279c16c1f27 sp=0x0000009f0a4fd380
Event: 11.054 Thread 0x00000279b8b6ffd0 DEOPT UNPACKING pc=0x00000279c0792b43 sp=0x0000009f0a4fc890 mode 0
Event: 11.062 Thread 0x00000279b8b6ffd0 DEOPT PACKING pc=0x00000279c16c1f27 sp=0x0000009f0a4fd350
Event: 11.062 Thread 0x00000279b8b6ffd0 DEOPT UNPACKING pc=0x00000279c0792b43 sp=0x0000009f0a4fc860 mode 0

Classes loaded (20 events):
Event: 9.015 Loading class javax/management/OperationsException done
Event: 9.015 Loading class javax/management/InstanceNotFoundException done
Event: 9.018 Loading class javax/management/ReflectionException
Event: 9.018 Loading class javax/management/ReflectionException done
Event: 9.093 Loading class java/util/jar/JarOutputStream
Event: 9.093 Loading class java/util/zip/ZipOutputStream
Event: 9.093 Loading class java/util/zip/ZipOutputStream done
Event: 9.093 Loading class java/util/jar/JarOutputStream done
Event: 9.161 Loading class java/lang/invoke/DirectMethodHandle$Special
Event: 9.161 Loading class java/lang/invoke/DirectMethodHandle$Special done
Event: 9.177 Loading class java/util/jar/JarInputStream
Event: 9.177 Loading class java/util/jar/JarInputStream done
Event: 9.201 Loading class java/io/FileFilter
Event: 9.201 Loading class java/io/FileFilter done
Event: 9.203 Loading class sun/security/util/ManifestEntryVerifier
Event: 9.203 Loading class sun/security/util/ManifestEntryVerifier done
Event: 9.227 Loading class sun/security/util/SignatureFileVerifier
Event: 9.227 Loading class sun/security/util/SignatureFileVerifier done
Event: 10.218 Loading class jdk/internal/module/IllegalAccessLogger
Event: 10.218 Loading class jdk/internal/module/IllegalAccessLogger done

Classes unloaded (0 events):
No events

Classes redefined (0 events):
No events

Internal exceptions (20 events):
Event: 10.190 Thread 0x00000279b8b6ffd0 Exception <a 'sun/nio/fs/WindowsException'{0x000000068e8a6f60}> (0x000000068e8a6f60) 
thrown [s\src\hotspot\share\prims\jni.cpp, line 516]
Event: 10.190 Thread 0x00000279b8b6ffd0 Exception <a 'sun/nio/fs/WindowsException'{0x000000068e8a72d8}> (0x000000068e8a72d8) 
thrown [s\src\hotspot\share\prims\jni.cpp, line 516]
Event: 10.190 Thread 0x00000279b8b6ffd0 Exception <a 'sun/nio/fs/WindowsException'{0x000000068e8a87e8}> (0x000000068e8a87e8) 
thrown [s\src\hotspot\share\prims\jni.cpp, line 516]
Event: 10.190 Thread 0x00000279b8b6ffd0 Exception <a 'sun/nio/fs/WindowsException'{0x000000068e8a8be8}> (0x000000068e8a8be8) 
thrown [s\src\hotspot\share\prims\jni.cpp, line 516]
Event: 10.190 Thread 0x00000279b8b6ffd0 Exception <a 'sun/nio/fs/WindowsException'{0x000000068e8aaba8}> (0x000000068e8aaba8) 
thrown [s\src\hotspot\share\prims\jni.cpp, line 516]
Event: 10.190 Thread 0x00000279b8b6ffd0 Exception <a 'sun/nio/fs/WindowsException'{0x000000068e8aaf68}> (0x000000068e8aaf68) 
thrown [s\src\hotspot\share\prims\jni.cpp, line 516]
Event: 10.190 Thread 0x00000279b8b6ffd0 Exception <a 'sun/nio/fs/WindowsException'{0x000000068e8b0438}> (0x000000068e8b0438) 
thrown [s\src\hotspot\share\prims\jni.cpp, line 516]
Event: 10.190 Thread 0x00000279b8b6ffd0 Exception <a 'sun/nio/fs/WindowsException'{0x000000068e8b0788}> (0x000000068e8b0788) 
thrown [s\src\hotspot\share\prims\jni.cpp, line 516]
Event: 10.190 Thread 0x00000279b8b6ffd0 Exception <a 'sun/nio/fs/WindowsException'{0x000000068e8bc540}> (0x000000068e8bc540) 
thrown [s\src\hotspot\share\prims\jni.cpp, line 516]
Event: 10.191 Thread 0x00000279b8b6ffd0 Exception <a 'sun/nio/fs/WindowsException'{0x000000068e8bc8f8}> (0x000000068e8bc8f8) 
thrown [s\src\hotspot\share\prims\jni.cpp, line 516]
Event: 10.191 Thread 0x00000279b8b6ffd0 Exception <a 'sun/nio/fs/WindowsException'{0x000000068e8bde60}> (0x000000068e8bde60) 
thrown [s\src\hotspot\share\prims\jni.cpp, line 516]
Event: 10.191 Thread 0x00000279b8b6ffd0 Exception <a 'sun/nio/fs/WindowsException'{0x000000068e8be2a0}> (0x000000068e8be2a0) 
thrown [s\src\hotspot\share\prims\jni.cpp, line 516]
Event: 10.195 Thread 0x00000279b8b6ffd0 Exception <a 'sun/nio/fs/WindowsException'{0x000000068e91eeb0}> (0x000000068e91eeb0) 
thrown [s\src\hotspot\share\prims\jni.cpp, line 516]
Event: 10.195 Thread 0x00000279b8b6ffd0 Exception <a 'sun/nio/fs/WindowsException'{0x000000068e91f240}> (0x000000068e91f240) 
thrown [s\src\hotspot\share\prims\jni.cpp, line 516]
Event: 10.195 Thread 0x00000279b8b6ffd0 Exception <a 'sun/nio/fs/WindowsException'{0x000000068e92df28}> (0x000000068e92df28) 
thrown [s\src\hotspot\share\prims\jni.cpp, line 516]
Event: 10.195 Thread 0x00000279b8b6ffd0 Exception <a 'sun/nio/fs/WindowsException'{0x000000068e92e248}> (0x000000068e92e248) 
thrown [s\src\hotspot\share\prims\jni.cpp, line 516]
Event: 10.195 Thread 0x00000279b8b6ffd0 Exception <a 'sun/nio/fs/WindowsException'{0x000000068e9553e0}> (0x000000068e9553e0) 
thrown [s\src\hotspot\share\prims\jni.cpp, line 516]
Event: 10.195 Thread 0x00000279b8b6ffd0 Exception <a 'sun/nio/fs/WindowsException'{0x000000068e955770}> (0x000000068e955770) 
thrown [s\src\hotspot\share\prims\jni.cpp, line 516]
Event: 10.195 Thread 0x00000279b8b6ffd0 Exception <a 'sun/nio/fs/WindowsException'{0x000000068e956758}> (0x000000068e956758) 
thrown [s\src\hotspot\share\prims\jni.cpp, line 516]
Event: 10.195 Thread 0x00000279b8b6ffd0 Exception <a 'sun/nio/fs/WindowsException'{0x000000068e956b70}> (0x000000068e956b70) 
thrown [s\src\hotspot\share\prims\jni.cpp, line 516]

VM Operations (20 events):
Event: 9.119 Executing VM operation: HandshakeAllThreads
Event: 9.120 Executing VM operation: HandshakeAllThreads done
Event: 9.125 Executing VM operation: ICBufferFull
Event: 9.125 Executing VM operation: ICBufferFull done
Event: 9.141 Executing VM operation: HandshakeAllThreads
Event: 9.141 Executing VM operation: HandshakeAllThreads done
Event: 9.159 Executing VM operation: HandshakeAllThreads
Event: 9.159 Executing VM operation: HandshakeAllThreads done
Event: 9.177 Executing VM operation: HandshakeAllThreads
Event: 9.177 Executing VM operation: HandshakeAllThreads done
Event: 9.950 Executing VM operation: G1CollectForAllocation
Event: 9.963 Executing VM operation: G1CollectForAllocation done
Event: 10.975 Executing VM operation: Cleanup
Event: 10.975 Executing VM operation: Cleanup done
Event: 11.070 Executing VM operation: CollectForMetadataAllocation
Event: 11.084 Executing VM operation: CollectForMetadataAllocation done
Event: 11.131 Executing VM operation: G1Concurrent
Event: 11.142 Executing VM operation: G1Concurrent done
Event: 11.174 Executing VM operation: G1Concurrent
Event: 11.174 Executing VM operation: G1Concurrent done

Events (20 events):
Event: 9.169 Thread 0x00000279e07a4de0 flushing nmethod 0x00000279c1b34410
Event: 9.169 Thread 0x00000279e07a4de0 flushing nmethod 0x00000279c1b39990
Event: 9.169 Thread 0x00000279e07a4de0 flushing nmethod 0x00000279c1b3a310
Event: 9.169 Thread 0x00000279e07a4de0 flushing nmethod 0x00000279c1b3c310
Event: 9.169 Thread 0x00000279e07a4de0 flushing nmethod 0x00000279c1b53510
Event: 9.169 Thread 0x00000279e07a4de0 flushing nmethod 0x00000279c1bbde90
Event: 9.170 Thread 0x00000279e07a4de0 flushing nmethod 0x00000279c1c65c90
Event: 9.170 Thread 0x00000279e07a4de0 flushing nmethod 0x00000279c1cbd410
Event: 9.170 Thread 0x00000279e07a4de0 flushing nmethod 0x00000279c1d72290
Event: 9.170 Thread 0x00000279e07a4de0 flushing nmethod 0x00000279c1d72910
Event: 9.170 Thread 0x00000279e07a4de0 flushing nmethod 0x00000279c1d87790
Event: 9.170 Thread 0x00000279e07a4de0 flushing nmethod 0x00000279c1daad10
Event: 9.170 Thread 0x00000279e07a4de0 flushing nmethod 0x00000279c1db6090
Event: 9.170 Thread 0x00000279e07a4de0 flushing nmethod 0x00000279c1dcd290
Event: 9.170 Thread 0x00000279e07a4de0 flushing nmethod 0x00000279c1dcdd90
Event: 9.170 Thread 0x00000279e07a4de0 flushing nmethod 0x00000279c1dcec90
Event: 9.170 Thread 0x00000279e07a4de0 flushing nmethod 0x00000279c1dd2a10
Event: 9.171 Thread 0x00000279e07a4de0 flushing nmethod 0x00000279c1e41010
Event: 9.368 Thread 0x00000279e57550b0 Thread exited: 0x00000279e57550b0
Event: 9.700 Thread 0x00000279e5756f10 Thread added: 0x00000279e5756f10


Dynamic libraries:
0x00007ff7bb160000 - 0x00007ff7bb16d000 	E:\Java\Amazon corretto\jdk18.0.1_10\bin\java.exe
0x00007fffc8110000 - 0x00007fffc8308000 	C:\WINDOWS\SYSTEM32\ntdll.dll
0x00007fffc7b50000 - 0x00007fffc7c0f000 	C:\WINDOWS\System32\KERNEL32.DLL
0x00007fffc5cf0000 - 0x00007fffc5fc2000 	C:\WINDOWS\System32\KERNELBASE.dll
0x00007fffc5bc0000 - 0x00007fffc5cc0000 	C:\WINDOWS\System32\ucrtbase.dll
0x00007fffaf380000 - 0x00007fffaf395000 	E:\Java\Amazon corretto\jdk18.0.1_10\bin\VCRUNTIME140.dll
0x00007fffaea50000 - 0x00007fffaea67000 	E:\Java\Amazon corretto\jdk18.0.1_10\bin\jli.dll
0x00007fffc6dd0000 - 0x00007fffc6f71000 	C:\WINDOWS\System32\USER32.dll
0x00007fffc5cc0000 - 0x00007fffc5ce2000 	C:\WINDOWS\System32\win32u.dll
0x00007fffaee90000 - 0x00007fffaf12a000 	C:\WINDOWS\WinSxS\amd64_microsoft.windows.common-controls_6595b64144ccf1df_6.0.19041.1110_none_60b5254171f9507e\COMCTL32.dll
0x00007fffc8040000 - 0x00007fffc806b000 	C:\WINDOWS\System32\GDI32.dll
0x00007fffc7430000 - 0x00007fffc74ce000 	C:\WINDOWS\System32\msvcrt.dll
0x00007fffc5fd0000 - 0x00007fffc60df000 	C:\WINDOWS\System32\gdi32full.dll
0x00007fffc5800000 - 0x00007fffc589d000 	C:\WINDOWS\System32\msvcp_win.dll
0x00007fffc7390000 - 0x00007fffc73c2000 	C:\WINDOWS\System32\IMM32.DLL
0x00007fff86c90000 - 0x00007fff86d2b000 	E:\Java\Amazon corretto\jdk18.0.1_10\bin\msvcp140.dll
0x00007fff635e0000 - 0x00007fff64250000 	E:\Java\Amazon corretto\jdk18.0.1_10\bin\server\jvm.dll
0x00007fffc6d20000 - 0x00007fffc6dce000 	C:\WINDOWS\System32\ADVAPI32.dll
0x00007fffc6c80000 - 0x00007fffc6d1c000 	C:\WINDOWS\System32\sechost.dll
0x00007fffc75b0000 - 0x00007fffc76d5000 	C:\WINDOWS\System32\RPCRT4.dll
0x00007fffc6150000 - 0x00007fffc6158000 	C:\WINDOWS\System32\PSAPI.DLL
0x00007fffabe80000 - 0x00007fffabe89000 	C:\WINDOWS\SYSTEM32\WSOCK32.dll
0x00007fffb08d0000 - 0x00007fffb08f7000 	C:\WINDOWS\SYSTEM32\WINMM.dll
0x00007fffbaa00000 - 0x00007fffbaa0a000 	C:\WINDOWS\SYSTEM32\VERSION.dll
0x00007fffc7540000 - 0x00007fffc75ab000 	C:\WINDOWS\System32\WS2_32.dll
0x00007fffc4010000 - 0x00007fffc4022000 	C:\WINDOWS\SYSTEM32\kernel.appcore.dll
0x00007fffb48c0000 - 0x00007fffb48ca000 	E:\Java\Amazon corretto\jdk18.0.1_10\bin\jimage.dll
0x00007fffc3570000 - 0x00007fffc3754000 	C:\WINDOWS\SYSTEM32\DBGHELP.DLL
0x00007fffaa580000 - 0x00007fffaa5b5000 	C:\WINDOWS\SYSTEM32\dbgcore.DLL
0x00007fffc5b30000 - 0x00007fffc5bb2000 	C:\WINDOWS\System32\bcryptPrimitives.dll
0x00007fffae8d0000 - 0x00007fffae8f5000 	E:\Java\Amazon corretto\jdk18.0.1_10\bin\java.dll
0x00007fff85f60000 - 0x00007fff86036000 	E:\Java\Amazon corretto\jdk18.0.1_10\bin\jsvml.dll
0x00007fffc6160000 - 0x00007fffc68a4000 	C:\WINDOWS\System32\SHELL32.dll
0x00007fffc3760000 - 0x00007fffc3ef2000 	C:\WINDOWS\SYSTEM32\windows.storage.dll
0x00007fffc7ce0000 - 0x00007fffc8035000 	C:\WINDOWS\System32\combase.dll
0x00007fffc5260000 - 0x00007fffc5290000 	C:\WINDOWS\SYSTEM32\Wldp.dll
0x00007fffc68b0000 - 0x00007fffc695d000 	C:\WINDOWS\System32\SHCORE.dll
0x00007fffc6960000 - 0x00007fffc69b5000 	C:\WINDOWS\System32\shlwapi.dll
0x00007fffc5740000 - 0x00007fffc575f000 	C:\WINDOWS\SYSTEM32\profapi.dll
0x00007fffae770000 - 0x00007fffae783000 	E:\Java\Amazon corretto\jdk18.0.1_10\bin\net.dll
0x00007fffbb660000 - 0x00007fffbb76c000 	C:\WINDOWS\SYSTEM32\WINHTTP.dll
0x00007fffc4fa0000 - 0x00007fffc500a000 	C:\WINDOWS\system32\mswsock.dll
0x00007fffad8b0000 - 0x00007fffad8c5000 	E:\Java\Amazon corretto\jdk18.0.1_10\bin\nio.dll
0x00007fffad560000 - 0x00007fffad578000 	E:\Java\Amazon corretto\jdk18.0.1_10\bin\zip.dll
0x0000000069ac0000 - 0x0000000069ae4000 	E:\Java\apache-maven-3.8.6\lib\jansi-native\Windows\x86_64\jansi.dll
0x00007fffb22f0000 - 0x00007fffb2300000 	E:\Java\Amazon corretto\jdk18.0.1_10\bin\verify.dll

dbghelp: loaded successfully - version: 4.0.5 - missing functions: none
symbol engine: initialized successfully - sym options: 0x614 - pdb path: .;E:\Java\Amazon corretto\jdk18.0.1_10\bin;C:\WINDOWS\SYSTEM32;C:\WINDOWS\WinSxS\amd64_microsoft.windows.common-controls_6595b64144ccf1df_6.0.19041.1110_none_60b5254171f9507e;E:\Java\Amazon corretto\jdk18.0.1_10\bin\server;E:\Java\apache-maven-3.8.6\lib\jansi-native\Windows\x86_64

VM Arguments:
jvm_args: -Dclassworlds.conf=E:\Java\apache-maven-3.8.6\bin\m2.conf -Dmaven.home=E:\Java\apache-maven-3.8.6 -Dlibrary.jansi.path=E:\Java\apache-maven-3.8.6\lib\jansi-native -Dmaven.multiModuleProjectDirectory=E:\Java\Yandex projects\java-explore-with-me 
java_command: org.codehaus.plexus.classworlds.launcher.Launcher clean package
java_class_path (initial): E:\Java\apache-maven-3.8.6\boot\plexus-classworlds-2.6.0.jar
Launcher Type: SUN_STANDARD

[Global flags]
     intx CICompilerCount                          = 4                                         {product} {ergonomic}
     uint ConcGCThreads                            = 2                                         {product} {ergonomic}
     uint G1ConcRefinementThreads                  = 8                                         {product} {ergonomic}
   size_t G1HeapRegionSize                         = 4194304                                   {product} {ergonomic}
    uintx GCDrainStackTargetSize                   = 64                                        {product} {ergonomic}
   size_t InitialHeapSize                          = 402653184                                 {product} {ergonomic}
   size_t MarkStackSize                            = 4194304                                   {product} {ergonomic}
   size_t MaxHeapSize                              = 6413090816                                {product} {ergonomic}
   size_t MaxNewSize                               = 3846176768                                {product} {ergonomic}
   size_t MinHeapDeltaBytes                        = 4194304                                   {product} {ergonomic}
   size_t MinHeapSize                              = 8388608                                   {product} {ergonomic}
    uintx NonNMethodCodeHeapSize                   = 5839372                                {pd product} {ergonomic}
    uintx NonProfiledCodeHeapSize                  = 122909434                              {pd product} {ergonomic}
    uintx ProfiledCodeHeapSize                     = 122909434                              {pd product} {ergonomic}
    uintx ReservedCodeCacheSize                    = 251658240                              {pd product} {ergonomic}
     bool SegmentedCodeCache                       = true                                      {product} {ergonomic}
   size_t SoftMaxHeapSize                          = 6413090816                             {manageable} {ergonomic}
     bool UseCompressedClassPointers               = true                           {product lp64_product} {ergonomic}
     bool UseCompressedOops                        = true                           {product lp64_product} {ergonomic}
     bool UseG1GC                                  = true                                      {product} {ergonomic}
     bool UseLargePagesIndividualAllocation        = false                                  {pd product} {ergonomic}

Logging:
Log output configuration:
 #0: stdout all=warning uptime,level,tags foldmultilines=false
 #1: stderr all=off uptime,level,tags foldmultilines=false

Environment Variables:
JAVA_HOME=E:\Java\Amazon corretto\jdk18.0.1_10
PATH=E:\Java\Amazon corretto\jdk18.0.1_10\bin;C:\Program Files\Common Files\Oracle\Java\javapath;E:\vmware\bin\;C:\Program Files (x86)\Intel\iCLS Client\;C:\Program Files\Intel\iCLS Client\;C:\windows\system32;C:\windows;C:\windows\System32\Wbem;C:\windows\System32\WindowsPowerShell\v1.0\;C:\Program Files (x86)\NVIDIA Corporation\PhysX\Common;C:\WINDOWS\system32;C:\WINDOWS;C:\WINDOWS\System32\Wbem;C:\WINDOWS\System32\WindowsPowerShell\v1.0\;C:\WINDOWS\System32\OpenSSH\;C:\Program Files\NVIDIA Corporation\NVIDIA NvDLISR;C:\WINDOWS\system32;C:\WINDOWS;C:\WINDOWS\System32\Wbem;C:\WINDOWS\System32\WindowsPowerShell\v1.0\;C:\WINDOWS\System32\OpenSSH\;C:\Program Files\Common Files\Autodesk Shared\;C:\Program Files\Intel\WiFi\bin\;C:\Program Files\Common Files\Intel\WirelessCommon\;C:\Program Files (x86)\Intel\Intel(R) Management Engine Components\DAL;C:\Program Files\Intel\Intel(R) Management Engine Components\DAL;C:\Program Files (x86)\Intel\Intel(R) Management Engine Components\IPT;C:\Program Files\Intel\Intel(R) Management Engine Components\IPT;C:\Program Files (x86)\STMicroelectronics\STM32 ST-LINK Utility;C:\Program Files\SourceGear\Common\DiffMerge\;E:\Git\cmd;E:\Java\Amazon corretto\jdk18.0.1_10\bin;;C:\Program Files\Docker\Docker\resources\bin;C:\Program Files\MySQL\MySQL Shell 8.0\bin\;C:\Users\shelk\AppData\Local\Microsoft\WindowsApps;C:\Program Files (x86)\Sennheiser\HeadSetup Pro\Plugins;C:\Program Files (x86)\Sennheiser\HeadSetup Pro\Open Source;C:\Program Files (x86)\Sennheiser\HeadSetup Pro\External;E:\Microsoft VS Code\bin;E:\Java\Databases\sqlite-tools-win32-x86-3380500;C:\Users\shelk\AppData\Local\GitHubDesktop\bin;E:\Java\apache-maven-3.8.6\bin;
USERNAME=shelk
OS=Windows_NT
PROCESSOR_IDENTIFIER=Intel64 Family 6 Model 158 Stepping 9, GenuineIntel



---------------  S Y S T E M  ---------------

OS:
 Windows 10 , 64 bit Build 19041 (10.0.19041.2364)
OS uptime: 9 days 5:27 hours
Hyper-V role detected

CPU: total 8 (initial active 8) (4 cores per cpu, 2 threads per core) family 6 model 158 stepping 9 microcode 0xde, cx8, cmov, fxsr, ht, mmx, 3dnowpref, sse, sse2, sse3, ssse3, sse4.1, sse4.2, popcnt, lzcnt, tsc, tscinvbit, avx, avx2, aes, erms, clmul, bmi1, bmi2, adx, fma, vzeroupper, clflush, clflushopt, hv

Memory: 4k page, system-wide physical 24461M (5271M free)
TotalPageFile size 28557M (AvailPageFile size 13M)
current process WorkingSet (physical memory assigned to process): 594M, peak: 594M
current process commit charge ("private bytes"): 656M, peak: 656M

vm_info: OpenJDK 64-Bit Server VM (18.0.1+10-FR) for windows-amd64 JRE (18.0.1+10-FR), built on Apr 15 2022 22:09:19 by "Administrator" with MS VC++ 15.9 (VS2017)

END.
